<131>Feb 14 06:08:15 vmaes2.avaya-dev8.ec.avayacloud.com DmccMain[4180768] +00:00 2025 428 1 com.avaya.aes |  :WrapperListener_start_runner: com.avaya.common.nio.managed.tlsImpl[227] ERROR - Error while reading JVM FIPS config file.
java.io.FileNotFoundException: /opt/mvap/resources/jvmFIPSMode (No such file or directory)
	at java.io.FileInputStream.open0(Native Method) ~[?:1.8.0_412]
	at java.io.FileInputStream.open(FileInputStream.java:195) ~[?:1.8.0_412]
	at java.io.FileInputStream.<init>(FileInputStream.java:138) ~[?:1.8.0_412]
	at java.util.Scanner.<init>(Scanner.java:611) ~[?:1.8.0_412]
	at com.avaya.common.nio.managed.tlsImpl.TLSServerSecurityContext.readJvmFIPSMode(TLSServerSecurityContext.java:218) ~[avaya-common.jar:"10.2.1.1.0.75 February 11 2025"]
	at com.avaya.common.nio.managed.tlsImpl.TLSServerSecurityContext.initializeServerEngine(TLSServerSecurityContext.java:239) ~[avaya-common.jar:"10.2.1.1.0.75 February 11 2025"]
	at com.avaya.common.nio.managed.tlsImpl.TLSServerSecurityContext.newServerEngine(TLSServerSecurityContext.java:208) ~[avaya-common.jar:"10.2.1.1.0.75 February 11 2025"]
	at com.avaya.common.nio.managed.tlsImpl.TLSServerSecurityContext.initializeContext(TLSServerSecurityContext.java:153) ~[avaya-common.jar:"10.2.1.1.0.75 February 11 2025"]
	at com.avaya.common.nio.managed.tlsImpl.TLSServerSecurityContext.<init>(TLSServerSecurityContext.java:138) ~[avaya-common.jar:"10.2.1.1.0.75 February 11 2025"]
	at com.avaya.mvcs.proxy.ClientProxyServiceImpl.createContext(ClientProxyServiceImpl.java:1241) ~[proxy.jar:"10.2.1.1.0.75 February 11 2025"]
	at com.avaya.mvcs.proxy.ClientProxyServiceImpl.createSecureServerChannel(ClientProxyServiceImpl.java:1148) ~[proxy.jar:"10.2.1.1.0.75 February 11 2025"]
	at com.avaya.mvcs.proxy.ClientProxyServiceImpl.startService(ClientProxyServiceImpl.java:841) ~[proxy.jar:"10.2.1.1.0.75 February 11 2025"]
	at com.avaya.cmapi.mbeans.ClientProxyService.start(ClientProxyService.java:151) ~[cmapi-server.jar:"10.2.1.1.0.75 February 11 2025"]
	at sun.reflect.GeneratedMethodAccessor9.invoke(Unknown Source) ~[?:?]
	at sun.reflect.DelegatingMethodAccessorImpl.invoke(DelegatingMethodAccessorImpl.java:43) ~[?:1.8.0_412]
	at java.lang.reflect.Method.invoke(Method.java:498) ~[?:1.8.0_412]
	at sun.reflect.misc.Trampoline.invoke(MethodUtil.java:72) ~[?:1.8.0_412]
	at sun.reflect.GeneratedMethodAccessor2.invoke(Unknown Source) ~[?:?]
	at sun.reflect.DelegatingMethodAccessorImpl.invoke(DelegatingMethodAccessorImpl.java:43) ~[?:1.8.0_412]
	at java.lang.reflect.Method.invoke(Method.java:498) ~[?:1.8.0_412]
	at sun.reflect.misc.MethodUtil.invoke(MethodUtil.java:276) ~[?:1.8.0_412]
	at com.sun.jmx.mbeanserver.StandardMBeanIntrospector.invokeM2(StandardMBeanIntrospector.java:112) ~[?:1.8.0_412]
	at com.sun.jmx.mbeanserver.StandardMBeanIntrospector.invokeM2(StandardMBeanIntrospector.java:46) ~[?:1.8.0_412]
	at com.sun.jmx.mbeanserver.MBeanIntrospector.invokeM(MBeanIntrospector.java:237) ~[?:1.8.0_412]
	at com.sun.jmx.mbeanserver.PerInterface.invoke(PerInterface.java:138) ~[?:1.8.0_412]
	at com.sun.jmx.mbeanserver.MBeanSupport.invoke(MBeanSupport.java:252) ~[?:1.8.0_412]
	at com.sun.jmx.interceptor.DefaultMBeanServerInterceptor.invoke(DefaultMBeanServerInterceptor.java:819) ~[?:1.8.0_412]
	at com.sun.jmx.mbeanserver.JmxMBeanServer.invoke(JmxMBeanServer.java:801) ~[?:1.8.0_412]
	at com.avaya.platform.lifecycle.JMXLifeCycleManager.start(JMXLifeCycleManager.java:613) ~[avaya-common.jar:"10.2.1.1.0.75 February 11 2025"]
	at com.avaya.mvap.mbeans.cmapi.CmapiService.start(CmapiService.java:358) ~[mvap.jar:"10.2.1.1.0.75 February 11 2025"]
	at sun.reflect.NativeMethodAccessorImpl.invoke0(Native Method) ~[?:1.8.0_412]
	at sun.reflect.NativeMethodAccessorImpl.invoke(NativeMethodAccessorImpl.java:62) ~[?:1.8.0_412]
	at sun.reflect.DelegatingMethodAccessorImpl.invoke(DelegatingMethodAccessorImpl.java:43) ~[?:1.8.0_412]
	at java.lang.reflect.Method.invoke(Method.java:498) ~[?:1.8.0_412]
	at sun.reflect.misc.Trampoline.invoke(MethodUtil.java:72) ~[?:1.8.0_412]
	at sun.reflect.GeneratedMethodAccessor2.invoke(Unknown Source) ~[?:?]
	at sun.reflect.DelegatingMethodAccessorImpl.invoke(DelegatingMethodAccessorImpl.java:43) ~[?:1.8.0_412]
	at java.lang.reflect.Method.invoke(Method.java:498) ~[?:1.8.0_412]
	at sun.reflect.misc.MethodUtil.invoke(MethodUtil.java:276) ~[?:1.8.0_412]
	at com.sun.jmx.mbeanserver.StandardMBeanIntrospector.invokeM2(StandardMBeanIntrospector.java:112) ~[?:1.8.0_412]
	at com.sun.jmx.mbeanserver.StandardMBeanIntrospector.invokeM2(StandardMBeanIntrospector.java:46) ~[?:1.8.0_412]
	at com.sun.jmx.mbeanserver.MBeanIntrospector.invokeM(MBeanIntrospector.java:237) ~[?:1.8.0_412]
	at com.sun.jmx.mbeanserver.PerInterface.invoke(PerInterface.java:138) ~[?:1.8.0_412]
	at com.sun.jmx.mbeanserver.MBeanSupport.invoke(MBeanSupport.java:252) ~[?:1.8.0_412]
	at com.sun.jmx.interceptor.DefaultMBeanServerInterceptor.invoke(DefaultMBeanServerInterceptor.java:819) ~[?:1.8.0_412]
	at com.sun.jmx.mbeanserver.JmxMBeanServer.invoke(JmxMBeanServer.java:801) ~[?:1.8.0_412]
	at com.avaya.platform.lifecycle.JMXLifeCycleManager.start(JMXLifeCycleManager.java:613) ~[avaya-common.jar:"10.2.1.1.0.75 February 11 2025"]
	at com.avaya.platform.jmx.PlatformAgent.startServices(PlatformAgent.java:203) ~[avaya-common.jar:"10.2.1.1.0.75 February 11 2025"]
	at com.avaya.platform.jmx.DmccPlatformAgent.start(DmccPlatformAgent.java:340) ~[avaya-common.jar:"10.2.1.1.0.75 February 11 2025"]
	at com.avaya.platform.core.JMXKernel.start(JMXKernel.java:239) ~[avaya-common.jar:"10.2.1.1.0.75 February 11 2025"]
	at com.avaya.platform.core.JSWHelper.start(JSWHelper.java:89) ~[avaya-common.jar:"10.2.1.1.0.75 February 11 2025"]
	at org.tanukisoftware.wrapper.WrapperManager$12.run(WrapperManager.java:2788) ~[wrapper.jar:3.2.3]
<131>Feb 14 06:08:35 vmaes2.avaya-dev8.ec.avayacloud.com DmccMain[4180768] +00:00 2025 238 1 com.avaya.aes |  :ReplicationServiceTimer: com.avaya.common.nio.managed.tlsImpl[227] ERROR - Error while reading JVM FIPS config file.
java.io.FileNotFoundException: /opt/mvap/resources/jvmFIPSMode (No such file or directory)
	at java.io.FileInputStream.open0(Native Method) ~[?:1.8.0_412]
	at java.io.FileInputStream.open(FileInputStream.java:195) ~[?:1.8.0_412]
	at java.io.FileInputStream.<init>(FileInputStream.java:138) ~[?:1.8.0_412]
	at java.util.Scanner.<init>(Scanner.java:611) ~[?:1.8.0_412]
	at com.avaya.common.nio.managed.tlsImpl.TLSServerSecurityContext.readJvmFIPSMode(TLSServerSecurityContext.java:218) ~[avaya-common.jar:"10.2.1.1.0.75 February 11 2025"]
	at com.avaya.common.nio.managed.tlsImpl.TLSServerSecurityContext.initializeServerEngine(TLSServerSecurityContext.java:239) ~[avaya-common.jar:"10.2.1.1.0.75 February 11 2025"]
	at com.avaya.common.nio.managed.tlsImpl.TLSServerSecurityContext.newServerEngine(TLSServerSecurityContext.java:208) ~[avaya-common.jar:"10.2.1.1.0.75 February 11 2025"]
	at com.avaya.common.nio.managed.tlsImpl.TLSServerSecurityContext.initializeContext(TLSServerSecurityContext.java:153) ~[avaya-common.jar:"10.2.1.1.0.75 February 11 2025"]
	at com.avaya.common.nio.managed.tlsImpl.TLSServerSecurityContext.<init>(TLSServerSecurityContext.java:138) ~[avaya-common.jar:"10.2.1.1.0.75 February 11 2025"]
	at com.avaya.replication.TCPChannelServer.createSecureServerChannel(TCPChannelServer.java:154) ~[avaya-common.jar:"10.2.1.1.0.75 February 11 2025"]
	at com.avaya.replication.TCPChannelServer.init(TCPChannelServer.java:73) ~[avaya-common.jar:"10.2.1.1.0.75 February 11 2025"]
	at com.avaya.replication.TCPChannelServer.<init>(TCPChannelServer.java:66) ~[avaya-common.jar:"10.2.1.1.0.75 February 11 2025"]
	at com.avaya.replication.ReplicationServiceImpl$TimeoutTask.run(ReplicationServiceImpl.java:699) ~[avaya-common.jar:"10.2.1.1.0.75 February 11 2025"]
	at java.util.TimerThread.mainLoop(Timer.java:555) ~[?:1.8.0_412]
	at java.util.TimerThread.run(Timer.java:505) ~[?:1.8.0_412]
<131>Feb 14 06:35:25 vmaes2.avaya-dev8.ec.avayacloud.com DmccMain[4180768] +00:00 2025 134 1 com.avaya.aes |  :NIO-ChannelServicer Thread: com.avaya.common.nio.managed.tlsImpl[227] ERROR - Error while reading JVM FIPS config file.
java.io.FileNotFoundException: /opt/mvap/resources/jvmFIPSMode (No such file or directory)
	at java.io.FileInputStream.open0(Native Method) ~[?:1.8.0_412]
	at java.io.FileInputStream.open(FileInputStream.java:195) ~[?:1.8.0_412]
	at java.io.FileInputStream.<init>(FileInputStream.java:138) ~[?:1.8.0_412]
	at java.util.Scanner.<init>(Scanner.java:611) ~[?:1.8.0_412]
	at com.avaya.common.nio.managed.tlsImpl.TLSServerSecurityContext.readJvmFIPSMode(TLSServerSecurityContext.java:218) ~[avaya-common.jar:"10.2.1.1.0.75 February 11 2025"]
	at com.avaya.common.nio.managed.tlsImpl.TLSServerSecurityContext.initializeServerEngine(TLSServerSecurityContext.java:239) ~[avaya-common.jar:"10.2.1.1.0.75 February 11 2025"]
	at com.avaya.common.nio.managed.tlsImpl.TLSServerSecurityContext.newServerEngine(TLSServerSecurityContext.java:208) ~[avaya-common.jar:"10.2.1.1.0.75 February 11 2025"]
	at com.avaya.common.nio.managed.tlsImpl.TLSServerSecurityContext.<init>(TLSServerSecurityContext.java:147) ~[avaya-common.jar:"10.2.1.1.0.75 February 11 2025"]
	at com.avaya.common.nio.managed.tlsImpl.TLSAcceptChannelHandler.handleAccept(TLSAcceptChannelHandler.java:100) ~[avaya-common.jar:"10.2.1.1.0.75 February 11 2025"]
	at com.avaya.common.nio.channels.defaultImpl.DefaultChannelServicer.serviceChannels(DefaultChannelServicer.java:381) ~[avaya-common.jar:"10.2.1.1.0.75 February 11 2025"]
	at com.avaya.common.nio.channels.defaultImpl.SingleThreadedSocketChannelDaemon.run(SingleThreadedSocketChannelDaemon.java:111) ~[avaya-common.jar:"10.2.1.1.0.75 February 11 2025"]
	at java.lang.Thread.run(Thread.java:750) ~[?:1.8.0_412]
<131>Feb 14 07:35:18 vmaes2.avaya-dev8.ec.avayacloud.com DmccMain[177445] +00:00 2025 274 1 com.avaya.aes |  :WrapperListener_start_runner: com.avaya.common.nio.managed.tlsImpl[227] ERROR - Error while reading JVM FIPS config file.
java.io.FileNotFoundException: /opt/mvap/resources/jvmFIPSMode (No such file or directory)
	at java.io.FileInputStream.open0(Native Method) ~[?:1.8.0_412]
	at java.io.FileInputStream.open(FileInputStream.java:195) ~[?:1.8.0_412]
	at java.io.FileInputStream.<init>(FileInputStream.java:138) ~[?:1.8.0_412]
	at java.util.Scanner.<init>(Scanner.java:611) ~[?:1.8.0_412]
	at com.avaya.common.nio.managed.tlsImpl.TLSServerSecurityContext.readJvmFIPSMode(TLSServerSecurityContext.java:218) ~[avaya-common.jar:"10.2.1.1.0.75 February 11 2025"]
	at com.avaya.common.nio.managed.tlsImpl.TLSServerSecurityContext.initializeServerEngine(TLSServerSecurityContext.java:239) ~[avaya-common.jar:"10.2.1.1.0.75 February 11 2025"]
	at com.avaya.common.nio.managed.tlsImpl.TLSServerSecurityContext.newServerEngine(TLSServerSecurityContext.java:208) ~[avaya-common.jar:"10.2.1.1.0.75 February 11 2025"]
	at com.avaya.common.nio.managed.tlsImpl.TLSServerSecurityContext.initializeContext(TLSServerSecurityContext.java:153) ~[avaya-common.jar:"10.2.1.1.0.75 February 11 2025"]
	at com.avaya.common.nio.managed.tlsImpl.TLSServerSecurityContext.<init>(TLSServerSecurityContext.java:138) ~[avaya-common.jar:"10.2.1.1.0.75 February 11 2025"]
	at com.avaya.mvcs.proxy.ClientProxyServiceImpl.createContext(ClientProxyServiceImpl.java:1241) ~[proxy.jar:"10.2.1.1.0.75 February 11 2025"]
	at com.avaya.mvcs.proxy.ClientProxyServiceImpl.createSecureServerChannel(ClientProxyServiceImpl.java:1148) ~[proxy.jar:"10.2.1.1.0.75 February 11 2025"]
	at com.avaya.mvcs.proxy.ClientProxyServiceImpl.startService(ClientProxyServiceImpl.java:841) ~[proxy.jar:"10.2.1.1.0.75 February 11 2025"]
	at com.avaya.cmapi.mbeans.ClientProxyService.start(ClientProxyService.java:151) ~[cmapi-server.jar:"10.2.1.1.0.75 February 11 2025"]
	at sun.reflect.GeneratedMethodAccessor9.invoke(Unknown Source) ~[?:?]
	at sun.reflect.DelegatingMethodAccessorImpl.invoke(DelegatingMethodAccessorImpl.java:43) ~[?:1.8.0_412]
	at java.lang.reflect.Method.invoke(Method.java:498) ~[?:1.8.0_412]
	at sun.reflect.misc.Trampoline.invoke(MethodUtil.java:72) ~[?:1.8.0_412]
	at sun.reflect.GeneratedMethodAccessor2.invoke(Unknown Source) ~[?:?]
	at sun.reflect.DelegatingMethodAccessorImpl.invoke(DelegatingMethodAccessorImpl.java:43) ~[?:1.8.0_412]
	at java.lang.reflect.Method.invoke(Method.java:498) ~[?:1.8.0_412]
	at sun.reflect.misc.MethodUtil.invoke(MethodUtil.java:276) ~[?:1.8.0_412]
	at com.sun.jmx.mbeanserver.StandardMBeanIntrospector.invokeM2(StandardMBeanIntrospector.java:112) ~[?:1.8.0_412]
	at com.sun.jmx.mbeanserver.StandardMBeanIntrospector.invokeM2(StandardMBeanIntrospector.java:46) ~[?:1.8.0_412]
	at com.sun.jmx.mbeanserver.MBeanIntrospector.invokeM(MBeanIntrospector.java:237) ~[?:1.8.0_412]
	at com.sun.jmx.mbeanserver.PerInterface.invoke(PerInterface.java:138) ~[?:1.8.0_412]
	at com.sun.jmx.mbeanserver.MBeanSupport.invoke(MBeanSupport.java:252) ~[?:1.8.0_412]
	at com.sun.jmx.interceptor.DefaultMBeanServerInterceptor.invoke(DefaultMBeanServerInterceptor.java:819) ~[?:1.8.0_412]
	at com.sun.jmx.mbeanserver.JmxMBeanServer.invoke(JmxMBeanServer.java:801) ~[?:1.8.0_412]
	at com.avaya.platform.lifecycle.JMXLifeCycleManager.start(JMXLifeCycleManager.java:613) ~[avaya-common.jar:"10.2.1.1.0.75 February 11 2025"]
	at com.avaya.mvap.mbeans.cmapi.CmapiService.start(CmapiService.java:358) ~[mvap.jar:"10.2.1.1.0.75 February 11 2025"]
	at sun.reflect.NativeMethodAccessorImpl.invoke0(Native Method) ~[?:1.8.0_412]
	at sun.reflect.NativeMethodAccessorImpl.invoke(NativeMethodAccessorImpl.java:62) ~[?:1.8.0_412]
	at sun.reflect.DelegatingMethodAccessorImpl.invoke(DelegatingMethodAccessorImpl.java:43) ~[?:1.8.0_412]
	at java.lang.reflect.Method.invoke(Method.java:498) ~[?:1.8.0_412]
	at sun.reflect.misc.Trampoline.invoke(MethodUtil.java:72) ~[?:1.8.0_412]
	at sun.reflect.GeneratedMethodAccessor2.invoke(Unknown Source) ~[?:?]
	at sun.reflect.DelegatingMethodAccessorImpl.invoke(DelegatingMethodAccessorImpl.java:43) ~[?:1.8.0_412]
	at java.lang.reflect.Method.invoke(Method.java:498) ~[?:1.8.0_412]
	at sun.reflect.misc.MethodUtil.invoke(MethodUtil.java:276) ~[?:1.8.0_412]
	at com.sun.jmx.mbeanserver.StandardMBeanIntrospector.invokeM2(StandardMBeanIntrospector.java:112) ~[?:1.8.0_412]
	at com.sun.jmx.mbeanserver.StandardMBeanIntrospector.invokeM2(StandardMBeanIntrospector.java:46) ~[?:1.8.0_412]
	at com.sun.jmx.mbeanserver.MBeanIntrospector.invokeM(MBeanIntrospector.java:237) ~[?:1.8.0_412]
	at com.sun.jmx.mbeanserver.PerInterface.invoke(PerInterface.java:138) ~[?:1.8.0_412]
	at com.sun.jmx.mbeanserver.MBeanSupport.invoke(MBeanSupport.java:252) ~[?:1.8.0_412]
	at com.sun.jmx.interceptor.DefaultMBeanServerInterceptor.invoke(DefaultMBeanServerInterceptor.java:819) ~[?:1.8.0_412]
	at com.sun.jmx.mbeanserver.JmxMBeanServer.invoke(JmxMBeanServer.java:801) ~[?:1.8.0_412]
	at com.avaya.platform.lifecycle.JMXLifeCycleManager.start(JMXLifeCycleManager.java:613) ~[avaya-common.jar:"10.2.1.1.0.75 February 11 2025"]
	at com.avaya.platform.jmx.PlatformAgent.startServices(PlatformAgent.java:203) ~[avaya-common.jar:"10.2.1.1.0.75 February 11 2025"]
	at com.avaya.platform.jmx.DmccPlatformAgent.start(DmccPlatformAgent.java:340) ~[avaya-common.jar:"10.2.1.1.0.75 February 11 2025"]
	at com.avaya.platform.core.JMXKernel.start(JMXKernel.java:239) ~[avaya-common.jar:"10.2.1.1.0.75 February 11 2025"]
	at com.avaya.platform.core.JSWHelper.start(JSWHelper.java:89) ~[avaya-common.jar:"10.2.1.1.0.75 February 11 2025"]
	at org.tanukisoftware.wrapper.WrapperManager$12.run(WrapperManager.java:2788) ~[wrapper.jar:3.2.3]
<131>Feb 14 07:35:38 vmaes2.avaya-dev8.ec.avayacloud.com DmccMain[177445] +00:00 2025 218 1 com.avaya.aes |  :ReplicationServiceTimer: com.avaya.common.nio.managed.tlsImpl[227] ERROR - Error while reading JVM FIPS config file.
java.io.FileNotFoundException: /opt/mvap/resources/jvmFIPSMode (No such file or directory)
	at java.io.FileInputStream.open0(Native Method) ~[?:1.8.0_412]
	at java.io.FileInputStream.open(FileInputStream.java:195) ~[?:1.8.0_412]
	at java.io.FileInputStream.<init>(FileInputStream.java:138) ~[?:1.8.0_412]
	at java.util.Scanner.<init>(Scanner.java:611) ~[?:1.8.0_412]
	at com.avaya.common.nio.managed.tlsImpl.TLSServerSecurityContext.readJvmFIPSMode(TLSServerSecurityContext.java:218) ~[avaya-common.jar:"10.2.1.1.0.75 February 11 2025"]
	at com.avaya.common.nio.managed.tlsImpl.TLSServerSecurityContext.initializeServerEngine(TLSServerSecurityContext.java:239) ~[avaya-common.jar:"10.2.1.1.0.75 February 11 2025"]
	at com.avaya.common.nio.managed.tlsImpl.TLSServerSecurityContext.newServerEngine(TLSServerSecurityContext.java:208) ~[avaya-common.jar:"10.2.1.1.0.75 February 11 2025"]
	at com.avaya.common.nio.managed.tlsImpl.TLSServerSecurityContext.initializeContext(TLSServerSecurityContext.java:153) ~[avaya-common.jar:"10.2.1.1.0.75 February 11 2025"]
	at com.avaya.common.nio.managed.tlsImpl.TLSServerSecurityContext.<init>(TLSServerSecurityContext.java:138) ~[avaya-common.jar:"10.2.1.1.0.75 February 11 2025"]
	at com.avaya.replication.TCPChannelServer.createSecureServerChannel(TCPChannelServer.java:154) ~[avaya-common.jar:"10.2.1.1.0.75 February 11 2025"]
	at com.avaya.replication.TCPChannelServer.init(TCPChannelServer.java:73) ~[avaya-common.jar:"10.2.1.1.0.75 February 11 2025"]
	at com.avaya.replication.TCPChannelServer.<init>(TCPChannelServer.java:66) ~[avaya-common.jar:"10.2.1.1.0.75 February 11 2025"]
	at com.avaya.replication.ReplicationServiceImpl$TimeoutTask.run(ReplicationServiceImpl.java:699) ~[avaya-common.jar:"10.2.1.1.0.75 February 11 2025"]
	at java.util.TimerThread.mainLoop(Timer.java:555) ~[?:1.8.0_412]
	at java.util.TimerThread.run(Timer.java:505) ~[?:1.8.0_412]
<131>Feb 14 07:37:34 vmaes2.avaya-dev8.ec.avayacloud.com DmccMain[177445] +00:00 2025 148 1 com.avaya.aes |  :NIO-ChannelServicer Thread: com.avaya.common.nio.managed.tlsImpl[227] ERROR - Error while reading JVM FIPS config file.
java.io.FileNotFoundException: /opt/mvap/resources/jvmFIPSMode (No such file or directory)
	at java.io.FileInputStream.open0(Native Method) ~[?:1.8.0_412]
	at java.io.FileInputStream.open(FileInputStream.java:195) ~[?:1.8.0_412]
	at java.io.FileInputStream.<init>(FileInputStream.java:138) ~[?:1.8.0_412]
	at java.util.Scanner.<init>(Scanner.java:611) ~[?:1.8.0_412]
	at com.avaya.common.nio.managed.tlsImpl.TLSServerSecurityContext.readJvmFIPSMode(TLSServerSecurityContext.java:218) ~[avaya-common.jar:"10.2.1.1.0.75 February 11 2025"]
	at com.avaya.common.nio.managed.tlsImpl.TLSServerSecurityContext.initializeServerEngine(TLSServerSecurityContext.java:239) ~[avaya-common.jar:"10.2.1.1.0.75 February 11 2025"]
	at com.avaya.common.nio.managed.tlsImpl.TLSServerSecurityContext.newServerEngine(TLSServerSecurityContext.java:208) ~[avaya-common.jar:"10.2.1.1.0.75 February 11 2025"]
	at com.avaya.common.nio.managed.tlsImpl.TLSServerSecurityContext.<init>(TLSServerSecurityContext.java:147) ~[avaya-common.jar:"10.2.1.1.0.75 February 11 2025"]
	at com.avaya.common.nio.managed.tlsImpl.TLSAcceptChannelHandler.handleAccept(TLSAcceptChannelHandler.java:100) ~[avaya-common.jar:"10.2.1.1.0.75 February 11 2025"]
	at com.avaya.common.nio.channels.defaultImpl.DefaultChannelServicer.serviceChannels(DefaultChannelServicer.java:381) ~[avaya-common.jar:"10.2.1.1.0.75 February 11 2025"]
	at com.avaya.common.nio.channels.defaultImpl.SingleThreadedSocketChannelDaemon.run(SingleThreadedSocketChannelDaemon.java:111) ~[avaya-common.jar:"10.2.1.1.0.75 February 11 2025"]
	at java.lang.Thread.run(Thread.java:750) ~[?:1.8.0_412]
<131>Feb 14 09:24:24 vmaes2.avaya-dev8.ec.avayacloud.com DmccMain[349962] +00:00 2025 082 1 com.avaya.aes |  :WrapperListener_start_runner: com.avaya.common.nio.managed.tlsImpl[227] ERROR - Error while reading JVM FIPS config file.
java.io.FileNotFoundException: /opt/mvap/resources/jvmFIPSMode (No such file or directory)
	at java.io.FileInputStream.open0(Native Method) ~[?:1.8.0_412]
	at java.io.FileInputStream.open(FileInputStream.java:195) ~[?:1.8.0_412]
	at java.io.FileInputStream.<init>(FileInputStream.java:138) ~[?:1.8.0_412]
	at java.util.Scanner.<init>(Scanner.java:611) ~[?:1.8.0_412]
	at com.avaya.common.nio.managed.tlsImpl.TLSServerSecurityContext.readJvmFIPSMode(TLSServerSecurityContext.java:218) ~[avaya-common.jar:"10.2.1.1.0.75 February 11 2025"]
	at com.avaya.common.nio.managed.tlsImpl.TLSServerSecurityContext.initializeServerEngine(TLSServerSecurityContext.java:239) ~[avaya-common.jar:"10.2.1.1.0.75 February 11 2025"]
	at com.avaya.common.nio.managed.tlsImpl.TLSServerSecurityContext.newServerEngine(TLSServerSecurityContext.java:208) ~[avaya-common.jar:"10.2.1.1.0.75 February 11 2025"]
	at com.avaya.common.nio.managed.tlsImpl.TLSServerSecurityContext.initializeContext(TLSServerSecurityContext.java:153) ~[avaya-common.jar:"10.2.1.1.0.75 February 11 2025"]
	at com.avaya.common.nio.managed.tlsImpl.TLSServerSecurityContext.<init>(TLSServerSecurityContext.java:138) ~[avaya-common.jar:"10.2.1.1.0.75 February 11 2025"]
	at com.avaya.mvcs.proxy.ClientProxyServiceImpl.createContext(ClientProxyServiceImpl.java:1241) ~[proxy.jar:"10.2.1.1.0.75 February 11 2025"]
	at com.avaya.mvcs.proxy.ClientProxyServiceImpl.createSecureServerChannel(ClientProxyServiceImpl.java:1148) ~[proxy.jar:"10.2.1.1.0.75 February 11 2025"]
	at com.avaya.mvcs.proxy.ClientProxyServiceImpl.startService(ClientProxyServiceImpl.java:841) ~[proxy.jar:"10.2.1.1.0.75 February 11 2025"]
	at com.avaya.cmapi.mbeans.ClientProxyService.start(ClientProxyService.java:151) ~[cmapi-server.jar:"10.2.1.1.0.75 February 11 2025"]
	at sun.reflect.GeneratedMethodAccessor9.invoke(Unknown Source) ~[?:?]
	at sun.reflect.DelegatingMethodAccessorImpl.invoke(DelegatingMethodAccessorImpl.java:43) ~[?:1.8.0_412]
	at java.lang.reflect.Method.invoke(Method.java:498) ~[?:1.8.0_412]
	at sun.reflect.misc.Trampoline.invoke(MethodUtil.java:72) ~[?:1.8.0_412]
	at sun.reflect.GeneratedMethodAccessor2.invoke(Unknown Source) ~[?:?]
	at sun.reflect.DelegatingMethodAccessorImpl.invoke(DelegatingMethodAccessorImpl.java:43) ~[?:1.8.0_412]
	at java.lang.reflect.Method.invoke(Method.java:498) ~[?:1.8.0_412]
	at sun.reflect.misc.MethodUtil.invoke(MethodUtil.java:276) ~[?:1.8.0_412]
	at com.sun.jmx.mbeanserver.StandardMBeanIntrospector.invokeM2(StandardMBeanIntrospector.java:112) ~[?:1.8.0_412]
	at com.sun.jmx.mbeanserver.StandardMBeanIntrospector.invokeM2(StandardMBeanIntrospector.java:46) ~[?:1.8.0_412]
	at com.sun.jmx.mbeanserver.MBeanIntrospector.invokeM(MBeanIntrospector.java:237) ~[?:1.8.0_412]
	at com.sun.jmx.mbeanserver.PerInterface.invoke(PerInterface.java:138) ~[?:1.8.0_412]
	at com.sun.jmx.mbeanserver.MBeanSupport.invoke(MBeanSupport.java:252) ~[?:1.8.0_412]
	at com.sun.jmx.interceptor.DefaultMBeanServerInterceptor.invoke(DefaultMBeanServerInterceptor.java:819) ~[?:1.8.0_412]
	at com.sun.jmx.mbeanserver.JmxMBeanServer.invoke(JmxMBeanServer.java:801) ~[?:1.8.0_412]
	at com.avaya.platform.lifecycle.JMXLifeCycleManager.start(JMXLifeCycleManager.java:613) ~[avaya-common.jar:"10.2.1.1.0.75 February 11 2025"]
	at com.avaya.mvap.mbeans.cmapi.CmapiService.start(CmapiService.java:358) ~[mvap.jar:"10.2.1.1.0.75 February 11 2025"]
	at sun.reflect.NativeMethodAccessorImpl.invoke0(Native Method) ~[?:1.8.0_412]
	at sun.reflect.NativeMethodAccessorImpl.invoke(NativeMethodAccessorImpl.java:62) ~[?:1.8.0_412]
	at sun.reflect.DelegatingMethodAccessorImpl.invoke(DelegatingMethodAccessorImpl.java:43) ~[?:1.8.0_412]
	at java.lang.reflect.Method.invoke(Method.java:498) ~[?:1.8.0_412]
	at sun.reflect.misc.Trampoline.invoke(MethodUtil.java:72) ~[?:1.8.0_412]
	at sun.reflect.GeneratedMethodAccessor2.invoke(Unknown Source) ~[?:?]
	at sun.reflect.DelegatingMethodAccessorImpl.invoke(DelegatingMethodAccessorImpl.java:43) ~[?:1.8.0_412]
	at java.lang.reflect.Method.invoke(Method.java:498) ~[?:1.8.0_412]
	at sun.reflect.misc.MethodUtil.invoke(MethodUtil.java:276) ~[?:1.8.0_412]
	at com.sun.jmx.mbeanserver.StandardMBeanIntrospector.invokeM2(StandardMBeanIntrospector.java:112) ~[?:1.8.0_412]
	at com.sun.jmx.mbeanserver.StandardMBeanIntrospector.invokeM2(StandardMBeanIntrospector.java:46) ~[?:1.8.0_412]
	at com.sun.jmx.mbeanserver.MBeanIntrospector.invokeM(MBeanIntrospector.java:237) ~[?:1.8.0_412]
	at com.sun.jmx.mbeanserver.PerInterface.invoke(PerInterface.java:138) ~[?:1.8.0_412]
	at com.sun.jmx.mbeanserver.MBeanSupport.invoke(MBeanSupport.java:252) ~[?:1.8.0_412]
	at com.sun.jmx.interceptor.DefaultMBeanServerInterceptor.invoke(DefaultMBeanServerInterceptor.java:819) ~[?:1.8.0_412]
	at com.sun.jmx.mbeanserver.JmxMBeanServer.invoke(JmxMBeanServer.java:801) ~[?:1.8.0_412]
	at com.avaya.platform.lifecycle.JMXLifeCycleManager.start(JMXLifeCycleManager.java:613) ~[avaya-common.jar:"10.2.1.1.0.75 February 11 2025"]
	at com.avaya.platform.jmx.PlatformAgent.startServices(PlatformAgent.java:203) ~[avaya-common.jar:"10.2.1.1.0.75 February 11 2025"]
	at com.avaya.platform.jmx.DmccPlatformAgent.start(DmccPlatformAgent.java:340) ~[avaya-common.jar:"10.2.1.1.0.75 February 11 2025"]
	at com.avaya.platform.core.JMXKernel.start(JMXKernel.java:239) ~[avaya-common.jar:"10.2.1.1.0.75 February 11 2025"]
	at com.avaya.platform.core.JSWHelper.start(JSWHelper.java:89) ~[avaya-common.jar:"10.2.1.1.0.75 February 11 2025"]
	at org.tanukisoftware.wrapper.WrapperManager$12.run(WrapperManager.java:2788) ~[wrapper.jar:3.2.3]
